OneWayVehicleModel.OneWayVehicle.1 	 starts 	 OneWayVehicleModel.OneWayVehicle.1 	 at time 0.0.
OneWayVehicleModel.OneWayVehicle.1 	 establish x = 100.0, y = 290.0 	 VSource.entry.2 	 at time 0.0.
OneWayVehicleModel.OneWayVehicle.1 	 establish x = 600.0, y = 290.0 	 Sink.exit.3 	 at time 0.0.
OneWayVehicleModel.OneWayVehicle.1 	 establish x = 110.0, y = 300.0 	 VTransport.lane.4 	 at time 0.0.
OneWayVehicleModel.OneWayVehicle.1 	 starts model for 1 replications 	 at time 0.0.
OneWayVehicleModel.OneWayVehicle.1 	 starts rep 1 	 at time 0.0.
OneWayVehicleModel.OneWayVehicle.1 	 resumes 	 VSource.entry.2 	 at time 0.0.
VSource.entry.2 	 generates 	 Car.c.5 	 at time 0.0.
VSource.entry.2 	 resumes 	 OneWayVehicleModel.OneWayVehicle.1 	 at time 0.0.
OneWayVehicleModel.OneWayVehicle.1 	 resumes 	 Car.c.5 	 at time 0.0.
VTransport.lane.4 	 moves for 1.0 	 Car.c.5 	 at time 0.0.
Car.c.5 	 resumes 	 OneWayVehicleModel.OneWayVehicle.1 	 at time 0.0.
OneWayVehicleModel.OneWayVehicle.1 	 resumes 	 Car.c.5 	 at time 1.0.
VTransport.lane.4 	 moves for 1.0 	 Car.c.5 	 at time 1.0.
Car.c.5 	 resumes 	 OneWayVehicleModel.OneWayVehicle.1 	 at time 1.0.
OneWayVehicleModel.OneWayVehicle.1 	 resumes 	 Car.c.5 	 at time 2.0.
VTransport.lane.4 	 moves for 1.0 	 Car.c.5 	 at time 2.0.
Car.c.5 	 resumes 	 OneWayVehicleModel.OneWayVehicle.1 	 at time 2.0.
OneWayVehicleModel.OneWayVehicle.1 	 resumes 	 Car.c.5 	 at time 3.0.
VTransport.lane.4 	 moves for 1.0 	 Car.c.5 	 at time 3.0.
Car.c.5 	 resumes 	 OneWayVehicleModel.OneWayVehicle.1 	 at time 3.0.
OneWayVehicleModel.OneWayVehicle.1 	 resumes 	 Car.c.5 	 at time 4.0.
VTransport.lane.4 	 moves for 1.0 	 Car.c.5 	 at time 4.0.
Car.c.5 	 resumes 	 OneWayVehicleModel.OneWayVehicle.1 	 at time 4.0.
OneWayVehicleModel.OneWayVehicle.1 	 resumes 	 Car.c.5 	 at time 5.0.
VTransport.lane.4 	 moves for 1.0 	 Car.c.5 	 at time 5.0.
Car.c.5 	 resumes 	 OneWayVehicleModel.OneWayVehicle.1 	 at time 5.0.
OneWayVehicleModel.OneWayVehicle.1 	 resumes 	 Car.c.5 	 at time 6.0.
VTransport.lane.4 	 moves for 1.0 	 Car.c.5 	 at time 6.0.
Car.c.5 	 resumes 	 OneWayVehicleModel.OneWayVehicle.1 	 at time 6.0.
OneWayVehicleModel.OneWayVehicle.1 	 resumes 	 Car.c.5 	 at time 7.0.
Sink.exit.3 	 terminates 	 Car.c.5 	 at time 7.0.
Car.c.5 	 resumes 	 OneWayVehicleModel.OneWayVehicle.1 	 at time 7.0.
OneWayVehicleModel.OneWayVehicle.1 	 resumes 	 VSource.entry.2 	 at time 55.3398199897098.
VSource.entry.2 	 generates 	 Car.c.6 	 at time 55.3398199897098.
VSource.entry.2 	 resumes 	 OneWayVehicleModel.OneWayVehicle.1 	 at time 55.3398199897098.
OneWayVehicleModel.OneWayVehicle.1 	 resumes 	 Car.c.6 	 at time 55.3398199897098.
VTransport.lane.4 	 moves for 1.0 	 Car.c.6 	 at time 55.3398199897098.
Car.c.6 	 resumes 	 OneWayVehicleModel.OneWayVehicle.1 	 at time 55.3398199897098.
OneWayVehicleModel.OneWayVehicle.1 	 resumes 	 Car.c.6 	 at time 56.3398199897098.
VTransport.lane.4 	 moves for 1.0 	 Car.c.6 	 at time 56.3398199897098.
Car.c.6 	 resumes 	 OneWayVehicleModel.OneWayVehicle.1 	 at time 56.3398199897098.
OneWayVehicleModel.OneWayVehicle.1 	 resumes 	 Car.c.6 	 at time 57.3398199897098.
VTransport.lane.4 	 moves for 1.0 	 Car.c.6 	 at time 57.3398199897098.
Car.c.6 	 resumes 	 OneWayVehicleModel.OneWayVehicle.1 	 at time 57.3398199897098.
OneWayVehicleModel.OneWayVehicle.1 	 resumes 	 Car.c.6 	 at time 58.3398199897098.
VTransport.lane.4 	 moves for 1.0 	 Car.c.6 	 at time 58.3398199897098.
Car.c.6 	 resumes 	 OneWayVehicleModel.OneWayVehicle.1 	 at time 58.3398199897098.
OneWayVehicleModel.OneWayVehicle.1 	 resumes 	 Car.c.6 	 at time 59.3398199897098.
VTransport.lane.4 	 moves for 1.0 	 Car.c.6 	 at time 59.3398199897098.
Car.c.6 	 resumes 	 OneWayVehicleModel.OneWayVehicle.1 	 at time 59.3398199897098.
OneWayVehicleModel.OneWayVehicle.1 	 resumes 	 Car.c.6 	 at time 60.3398199897098.
VTransport.lane.4 	 moves for 1.0 	 Car.c.6 	 at time 60.3398199897098.
Car.c.6 	 resumes 	 OneWayVehicleModel.OneWayVehicle.1 	 at time 60.3398199897098.
OneWayVehicleModel.OneWayVehicle.1 	 resumes 	 Car.c.6 	 at time 61.3398199897098.
VTransport.lane.4 	 moves for 1.0 	 Car.c.6 	 at time 61.3398199897098.
Car.c.6 	 resumes 	 OneWayVehicleModel.OneWayVehicle.1 	 at time 61.3398199897098.
OneWayVehicleModel.OneWayVehicle.1 	 resumes 	 Car.c.6 	 at time 62.3398199897098.
Sink.exit.3 	 terminates 	 Car.c.6 	 at time 62.3398199897098.
Car.c.6 	 resumes 	 OneWayVehicleModel.OneWayVehicle.1 	 at time 62.3398199897098.
OneWayVehicleModel.OneWayVehicle.1 	 resumes 	 VSource.entry.2 	 at time 143.0758803648415.
VSource.entry.2 	 generates 	 Car.c.7 	 at time 143.0758803648415.
VSource.entry.2 	 resumes 	 OneWayVehicleModel.OneWayVehicle.1 	 at time 143.0758803648415.
OneWayVehicleModel.OneWayVehicle.1 	 resumes 	 Car.c.7 	 at time 143.0758803648415.
VTransport.lane.4 	 moves for 1.0 	 Car.c.7 	 at time 143.0758803648415.
Car.c.7 	 resumes 	 OneWayVehicleModel.OneWayVehicle.1 	 at time 143.0758803648415.
OneWayVehicleModel.OneWayVehicle.1 	 resumes 	 Car.c.7 	 at time 144.0758803648415.
VTransport.lane.4 	 moves for 1.0 	 Car.c.7 	 at time 144.0758803648415.
Car.c.7 	 resumes 	 OneWayVehicleModel.OneWayVehicle.1 	 at time 144.0758803648415.
OneWayVehicleModel.OneWayVehicle.1 	 resumes 	 Car.c.7 	 at time 145.0758803648415.
VTransport.lane.4 	 moves for 1.0 	 Car.c.7 	 at time 145.0758803648415.
Car.c.7 	 resumes 	 OneWayVehicleModel.OneWayVehicle.1 	 at time 145.0758803648415.
OneWayVehicleModel.OneWayVehicle.1 	 resumes 	 Car.c.7 	 at time 146.0758803648415.
VTransport.lane.4 	 moves for 1.0 	 Car.c.7 	 at time 146.0758803648415.
Car.c.7 	 resumes 	 OneWayVehicleModel.OneWayVehicle.1 	 at time 146.0758803648415.
OneWayVehicleModel.OneWayVehicle.1 	 resumes 	 Car.c.7 	 at time 147.0758803648415.
VTransport.lane.4 	 moves for 1.0 	 Car.c.7 	 at time 147.0758803648415.
Car.c.7 	 resumes 	 OneWayVehicleModel.OneWayVehicle.1 	 at time 147.0758803648415.
OneWayVehicleModel.OneWayVehicle.1 	 resumes 	 Car.c.7 	 at time 148.0758803648415.
VTransport.lane.4 	 moves for 1.0 	 Car.c.7 	 at time 148.0758803648415.
Car.c.7 	 resumes 	 OneWayVehicleModel.OneWayVehicle.1 	 at time 148.0758803648415.
OneWayVehicleModel.OneWayVehicle.1 	 resumes 	 Car.c.7 	 at time 149.0758803648415.
VTransport.lane.4 	 moves for 1.0 	 Car.c.7 	 at time 149.0758803648415.
Car.c.7 	 resumes 	 OneWayVehicleModel.OneWayVehicle.1 	 at time 149.0758803648415.
OneWayVehicleModel.OneWayVehicle.1 	 resumes 	 Car.c.7 	 at time 150.0758803648415.
Sink.exit.3 	 terminates 	 Car.c.7 	 at time 150.0758803648415.
Car.c.7 	 resumes 	 OneWayVehicleModel.OneWayVehicle.1 	 at time 150.0758803648415.
OneWayVehicleModel.OneWayVehicle.1 	 resumes 	 VSource.entry.2 	 at time 540.2576738602393.
VSource.entry.2 	 generates 	 Car.c.8 	 at time 540.2576738602393.
VSource.entry.2 	 resumes 	 OneWayVehicleModel.OneWayVehicle.1 	 at time 540.2576738602393.
OneWayVehicleModel.OneWayVehicle.1 	 resumes 	 Car.c.8 	 at time 540.2576738602393.
VTransport.lane.4 	 moves for 1.0 	 Car.c.8 	 at time 540.2576738602393.
Car.c.8 	 resumes 	 OneWayVehicleModel.OneWayVehicle.1 	 at time 540.2576738602393.
OneWayVehicleModel.OneWayVehicle.1 	 resumes 	 Car.c.8 	 at time 541.2576738602393.
VTransport.lane.4 	 moves for 1.0 	 Car.c.8 	 at time 541.2576738602393.
Car.c.8 	 resumes 	 OneWayVehicleModel.OneWayVehicle.1 	 at time 541.2576738602393.
OneWayVehicleModel.OneWayVehicle.1 	 resumes 	 Car.c.8 	 at time 542.2576738602393.
VTransport.lane.4 	 moves for 1.0 	 Car.c.8 	 at time 542.2576738602393.
Car.c.8 	 resumes 	 OneWayVehicleModel.OneWayVehicle.1 	 at time 542.2576738602393.
OneWayVehicleModel.OneWayVehicle.1 	 resumes 	 Car.c.8 	 at time 543.2576738602393.
VTransport.lane.4 	 moves for 1.0 	 Car.c.8 	 at time 543.2576738602393.
Car.c.8 	 resumes 	 OneWayVehicleModel.OneWayVehicle.1 	 at time 543.2576738602393.
OneWayVehicleModel.OneWayVehicle.1 	 resumes 	 Car.c.8 	 at time 544.2576738602393.
VTransport.lane.4 	 moves for 1.0 	 Car.c.8 	 at time 544.2576738602393.
Car.c.8 	 resumes 	 OneWayVehicleModel.OneWayVehicle.1 	 at time 544.2576738602393.
OneWayVehicleModel.OneWayVehicle.1 	 resumes 	 Car.c.8 	 at time 545.2576738602393.
V