[debug] > Exec(early(addDefaultCommands), None, None)
[debug] > Exec(addDefaultCommands, None, None)
[debug] > Exec(early(initialize), None, None)
[debug] > Exec(initialize, None, None)
[debug] > Exec(boot, None, None)
[debug] > Exec(writeSbtVersion, None, None)
[debug] > Exec(reload, None, None)
[debug] > Exec(sbtStashOnFailure, None, None)
[debug] > Exec(onFailure loadFailed, None, None)
[debug] > Exec(loadp, None, None)
[info] welcome to sbt 1.10.1 (Oracle Corporation Java 21)
[debug]       Load.loadUnit: plugins took 1473.1282ms
[debug]       Load.loadUnit: defsScala took 0.7578ms
[debug] [Loading] Scanning directory C:\Users\youse\.sbt\1.0\plugins
[debug] [Loading] Found non-root projects 
[debug] [Loading] Done in C:\Users\youse\.sbt\1.0\plugins, returning: ()
[debug] deducing auto plugins based on known facts Set(Atom(sbt.plugins.CorePlugin)) and clauses Clauses(Clause(Atom(sbt.plugins.JvmPlugin),Set(Atom(sbt.plugins.IvyPlugin)))
[debug] Clause(Atom(sbt.ScriptedPlugin),Set(Atom(sbt.plugins.JvmPlugin)))
[debug] Clause(Atom(sbt.plugins.SbtPlugin),Set(Atom(sbt.ScriptedPlugin)))
[debug] Clause(Atom(sbt.plugins.SemanticdbPlugin),Set(Atom(sbt.plugins.JvmPlugin)))
[debug] Clause(Atom(sbt.plugins.JUnitXmlReportPlugin),Set(Atom(sbt.plugins.JvmPlugin)))
[debug] Clause(Atom(sbt.plugins.MiniDependencyTreePlugin),Set(Atom(sbt.plugins.JvmPlugin)))
[debug] Clause(Atom(sbt.plugins.CorePlugin),Set(Atom(sbt.plugins.IvyPlugin)))
[debug] Clause(Atom(sbt.plugins.IvyPlugin),Set(Atom(sbt.plugins.JvmPlugin)))
[debug] Clause(Atom(sbt.plugins.JvmPlugin),Set(Atom(sbt.plugins.SemanticdbPlugin)))
[debug] Clause(Atom(sbt.plugins.JvmPlugin),Set(Atom(sbt.plugins.JUnitXmlReportPlugin)))
[debug] Clause(Atom(sbt.plugins.CorePlugin),Set(Atom(sbt.plugins.Giter8TemplatePlugin)))
[debug] Clause(Atom(sbt.plugins.JvmPlugin),Set(Atom(sbt.plugins.MiniDependencyTreePlugin))))
[debug]   :: deduced result: Matched(sbt.plugins.CorePlugin,sbt.plugins.Giter8TemplatePlugin,sbt.plugins.IvyPlugin,sbt.plugins.JvmPlugin,sbt.plugins.MiniDependencyTreePlugin,sbt.plugins.JUnitXmlReportPlugin,sbt.plugins.SemanticdbPlugin)
[debug] Plugins.deducer#function took 104.922 ms
[debug]           Load.resolveProject(global-plugins) took 367.982ms
[debug]         Load.loadTransitive: finalizeProject(Project(id global-plugins, base: C:\Users\youse\.sbt\1.0\plugins, plugins: List(<none>))) took 775.8179ms
[debug] [Loading] Done in C:\Users\youse\.sbt\1.0\plugins, returning: (global-plugins)
[debug]       Load.loadUnit: loadedProjectsRaw took 1227.1973ms
[debug]       Load.loadUnit: cleanEvalClasses took 0.4961ms
[debug]     Load.loadUnit(file:/C:/Users/youse/.sbt/1.0/plugins/, ...) took 2855.3203ms
[debug]   Load.apply: load took 3782.5726ms
[debug]   Load.apply: resolveProjects took 37.1452ms
[debug]   Load.apply: finalTransforms took 234.7698ms
[debug]   Load.apply: config.delegates took 67.5104ms
[debug]   Load.apply: Def.make(settings)... took 2900.0754ms
[debug]   Load.apply: structureIndex took 667.9205ms
[debug]   Load.apply: mkStreams took 13.1994ms
[info] loading global plugins from C:\Users\youse\.sbt\1.0\plugins
[debug] Running task... Cancel: Signal, check cycles: false, forcegc: true
[debug] Load.defaultLoad until apply took 15525.9811ms
[debug]           Load.loadUnit: plugins took 67.9228ms
[debug]           Load.loadUnit: defsScala took 0.0097ms
[debug] [Loading] Scanning directory C:\Users\youse\OneDrive\Documents\New Scalation\scalation_2.0\project
[debug] [Loading] Found non-root projects 
[debug] [Loading] Done in C:\Users\youse\OneDrive\Documents\New Scalation\scalation_2.0\project, returning: ()
[debug] deducing auto plugins based on known facts Set(Atom(sbt.plugins.CorePlugin)) and clauses Clauses(Clause(Atom(sbt.plugins.JvmPlugin),Set(Atom(sbt.plugins.IvyPlugin)))
[debug] Clause(Atom(sbt.ScriptedPlugin),Set(Atom(sbt.plugins.JvmPlugin)))
[debug] Clause(Atom(sbt.plugins.SbtPlugin),Set(Atom(sbt.ScriptedPlugin)))
[debug] Clause(Atom(sbt.plugins.SemanticdbPlugin),Set(Atom(sbt.plugins.JvmPlugin)))
[debug] Clause(Atom(sbt.plugins.JUnitXmlReportPlugin),Set(Atom(sbt.plugins.JvmPlugin)))
[debug] Clause(Atom(sbt.plugins.MiniDependencyTreePlugin),Set(Atom(sbt.plugins.JvmPlugin)))
[debug] Clause(Atom(sbt.plugins.CorePlugin),Set(Atom(sbt.plugins.IvyPlugin)))
[debug] Clause(Atom(sbt.plugins.IvyPlugin),Set(Atom(sbt.plugins.JvmPlugin)))
[debug] Clause(Atom(sbt.plugins.JvmPlugin),Set(Atom(sbt.plugins.SemanticdbPlugin)))
[debug] Clause(Atom(sbt.plugins.JvmPlugin),Set(Atom(sbt.plugins.JUnitXmlReportPlugin)))
[debug] Clause(Atom(sbt.plugins.CorePlugin),Set(Atom(sbt.plugins.Giter8TemplatePlugin)))
[debug] Clause(Atom(sbt.plugins.JvmPlugin),Set(Atom(sbt.plugins.MiniDependencyTreePlugin))))
[debug]   :: deduced result: Matched(sbt.plugins.CorePlugin,sbt.plugins.Giter8TemplatePlugin,sbt.plugins.IvyPlugin,sbt.plugins.JvmPlugin,sbt.plugins.MiniDependencyTreePlugin,sbt.plugins.JUnitXmlReportPlugin,sbt.plugins.SemanticdbPlugin)
[debug] Plugins.deducer#function took 5.4148 ms
[debug]               Load.resolveProject(scalation_2-0-build) took 3.0296ms
[debug]             Load.loadTransitive: finalizeProject(Project(id scalation_2-0-build, base: C:\Users\youse\OneDrive\Documents\New Scalation\scalation_2.0\project, plugins: List(<none>))) took 9.571ms
[debug] [Loading] Done in C:\Users\youse\OneDrive\Documents\New Scalation\scalation_2.0\project, returning: (scalation_2-0-build)
[debug]           Load.loadUnit: loadedProjectsRaw took 14.362ms
[debug]           Load.loadUnit: cleanEvalClasses took 0.0346ms
[debug]         Load.loadUnit(file:/C:/Users/youse/OneDrive/Documents/New%20Scalation/scalation_2.0/project/, ...) took 85.0626ms
[debug]       Load.apply: load took 90.8556ms
[debug]       Load.apply: resolveProjects took 0.2315ms
[debug]       Load.apply: finalTransforms took 24.729ms
[debug]       Load.apply: config.delegates took 0.6802ms
[debug]       Load.apply: Def.make(settings)... took 228.6623ms
[debug]       Load.apply: structureIndex took 76.1481ms
[debug]       Load.apply: mkStreams took 0.0036ms
[info] loading project definition from C:\Users\youse\OneDrive\Documents\New Scalation\scalation_2.0\project
[debug] Running task... Cancel: Signal, check cycles: false, forcegc: true
[debug]     Load.loadUnit: plugins took 3995.2992ms
[debug]     Load.loadUnit: defsScala took 0.0071ms
[debug] [Loading] Scanning directory C:\Users\youse\OneDrive\Documents\New Scalation\scalation_2.0
[debug]       Load.loadUnit: mkEval took 15.863ms
